Flutter crash report.
Please report a bug at https://github.com/flutter/flutter/issues.

## command

flutter pub get

## exception

FileSystemException: FileSystemException: Cannot create link, path = '/home/emka/Documents/finalGPSAPP/Emka_Tracking_App/windows/flutter/ephemeral/.plugin_symlinks/path_provider_windows' (OS Error: File exists, errno = 17)

```
#0      _Link.throwIfError (dart:io/link.dart:263:7)
#1      _Link.createSync (dart:io/link.dart:184:5)
#2      ForwardingLink.createSync (package:file/src/forwarding/forwarding_link.dart:20:16)
#3      ForwardingLink.createSync (package:file/src/forwarding/forwarding_link.dart:20:16)
#4      _createPlatformPluginSymlinks (package:flutter_tools/src/plugins.dart:1149:12)
#5      createPluginSymlinks (package:flutter_tools/src/plugins.dart:1083:5)
#6      refreshPluginsList (package:flutter_tools/src/plugins.dart:1175:5)
<asynchronous suspension>
#7      FlutterProject.ensureReadyForPlatformSpecificTooling (package:flutter_tools/src/project.dart:300:5)
<asynchronous suspension>
#8      PackagesGetCommand.runCommand (package:flutter_tools/src/commands/packages.dart:167:5)
<asynchronous suspension>
#9      FlutterCommand.run.<anonymous closure> (package:flutter_tools/src/runner/flutter_command.dart:1043:27)
<asynchronous suspension>
#10     AppContext.run.<anonymous closure> (package:flutter_tools/src/base/context.dart:150:19)
<asynchronous suspension>
#11     CommandRunner.runCommand (package:args/command_runner.dart:196:13)
<asynchronous suspension>
#12     FlutterCommandRunner.runCommand.<anonymous closure> (package:flutter_tools/src/runner/flutter_command_runner.dart:284:9)
<asynchronous suspension>
#13     AppContext.run.<anonymous closure> (package:flutter_tools/src/base/context.dart:150:19)
<asynchronous suspension>
#14     FlutterCommandRunner.runCommand (package:flutter_tools/src/runner/flutter_command_runner.dart:232:5)
<asynchronous suspension>
#15     run.<anonymous closure>.<anonymous closure> (package:flutter_tools/runner.dart:62:9)
<asynchronous suspension>
#16     AppContext.run.<anonymous closure> (package:flutter_tools/src/base/context.dart:150:19)
<asynchronous suspension>
#17     main (package:flutter_tools/executable.dart:91:3)
<asynchronous suspension>
```

## flutter doctor

```
[✓] Flutter (Channel stable, 2.2.3, on Linux, locale en_US.UTF-8)
    • Flutter version 2.2.3 at /home/emka/snap/flutter/common/flutter
    • Framework revision f4abaa0735 (4 months ago), 2021-07-01 12:46:11 -0700
    • Engine revision 241c87ad80
    • Dart version 2.13.4

[✓] Android toolchain - develop for Android devices (Android SDK version 30.0.3)
    • Android SDK at /home/emka/Android/Sdk
    • Platform android-S, build-tools 30.0.3
    • ANDROID_HOME = /home/emka/Android/Sdk
    • ANDROID_SDK_ROOT = /home/emka/Android/Sdk
    • Java binary at: /snap/android-studio/115/android-studio/jre/bin/java
    • Java version OpenJDK Runtime Environment (build 11.0.10+0-b96-7249189)
    • All Android licenses accepted.

[✓] Chrome - develop for the web
    • Chrome at google-chrome

[✓] Linux toolchain - develop for Linux desktop
    • clang version 6.0.0-1ubuntu2 (tags/RELEASE_600/final)
    • cmake version 3.10.2
    • ninja version 1.8.2
    • pkg-config version 0.29.1

[✓] Android Studio (version 2020.3)
    • Android Studio at /snap/android-studio/115/android-studio
    • Flutter plugin version 61.2.2
    • Dart plugin version 203.8292
    • Java version OpenJDK Runtime Environment (build 11.0.10+0-b96-7249189)

[✓] Connected device (3 available)
    • FLA LX2 (mobile) • SFLFG18824000187 • android-arm64  • Android 9 (API 28)
    • Linux (desktop)  • linux            • linux-x64      • Linux
    • Chrome (web)     • chrome           • web-javascript • Google Chrome 95.0.4638.69

• No issues found!
```
